<?xml version="1.0" encoding="UTF-8"?>
<testsuite xmlns:xsi="http://www.w3.org/2001/XMLSchema-instance" xsi:schemaLocation="https://maven.apache.org/surefire/maven-surefire-plugin/xsd/surefire-test-report.xsd" name="runner.TestRunner" time="103.249" tests="54" errors="0" skipped="0" failures="0">
  <properties>
[...]
</properties>
  <testcase name="Given NHS Cost Checker Tool is open" classname="Scenario: User is resident of Northern Ireland" time="0.006"/>
  <testcase name="When User enters the country as &quot;Northern Ireland&quot;" classname="Scenario: User is resident of Northern Ireland" time="0.001"/>
  <testcase name="Then User cannot use NHS Cost Checker Tool" classname="Scenario: User is resident of Northern Ireland" time="0"/>
  <testcase name="Scenario: User is resident of Northern Ireland" classname="Scenario: User is resident of Northern Ireland" time="1.475"/>
  <testcase name="Given NHS Cost Checker Tool is open" classname="Scenario: User is under sixteen years of age" time="0"/>
  <testcase name="When User enters the country as &quot;Wales&quot;" classname="Scenario: User is under sixteen years of age" time="0"/>
  <testcase name="And User enters the age as under sixteen" classname="Scenario: User is under sixteen years of age" time="0"/>
  <testcase name="Then User is eligible for Free NHS" classname="Scenario: User is under sixteen years of age" time="0"/>
  <testcase name="Scenario: User is under sixteen years of age" classname="Scenario: User is under sixteen years of age" time="1.56"/>
  <testcase name="Given NHS Cost Checker Tool is open" classname="Scenario: Users combined take-home pay is less than 935" time="0"/>
  <testcase name="When User enters the country as &quot;Wales&quot;" classname="Scenario: Users combined take-home pay is less than 935" time="0"/>
  <testcase name="And User is an adult" classname="Scenario: Users combined take-home pay is less than 935" time="0"/>
  <testcase name="And User lives &quot;with&quot; a partner" classname="Scenario: Users combined take-home pay is less than 935" time="0"/>
  <testcase name="And User &quot;claims&quot; any benefits or tax credits" classname="Scenario: Users combined take-home pay is less than 935" time="0"/>
  <testcase name="And User gets &quot;Universal&quot; Credit" classname="Scenario: Users combined take-home pay is less than 935" time="0"/>
  <testcase name="And User &quot;gets&quot; LCW As part of the joint Universal Credit" classname="Scenario: Users combined take-home pay is less than 935" time="0"/>
  <testcase name="And User enters the combined take-home pay as Less Than &quot;935&quot;" classname="Scenario: Users combined take-home pay is less than 935" time="0.001"/>
  <testcase name="Then User is eligible for Free NHS" classname="Scenario: Users combined take-home pay is less than 935" time="0"/>
  <testcase name="Scenario: Users combined take-home pay is less than 935" classname="Scenario: Users combined take-home pay is less than 935" time="1.694"/>
  <testcase name="Given NHS Cost Checker Tool is open" classname="Scenario: Users combined take-home pay is less than 435" time="0"/>
  <testcase name="When User enters the country as &quot;England&quot;" classname="Scenario: Users combined take-home pay is less than 435" time="0"/>
  <testcase name="And User GP Practice &quot;is not&quot; in England" classname="Scenario: Users combined take-home pay is less than 435" time="0"/>
  <testcase name="And User is an adult" classname="Scenario: Users combined take-home pay is less than 435" time="0"/>
  <testcase name="And User lives &quot;with&quot; a partner" classname="Scenario: Users combined take-home pay is less than 435" time="0"/>
  <testcase name="And User &quot;claims&quot; any benefits or tax credits" classname="Scenario: Users combined take-home pay is less than 435" time="0"/>
  <testcase name="And User gets &quot;Universal&quot; Credit" classname="Scenario: Users combined take-home pay is less than 435" time="0"/>
  <testcase name="And User &quot;does not get&quot; LCW As part of the joint Universal Credit" classname="Scenario: Users combined take-home pay is less than 435" time="0"/>
  <testcase name="And User enters the combined take-home pay as Less Than &quot;435&quot;" classname="Scenario: Users combined take-home pay is less than 435" time="0"/>
  <testcase name="Then User is eligible for Free NHS" classname="Scenario: Users combined take-home pay is less than 435" time="0"/>
  <testcase name="Scenario: Users combined take-home pay is less than 435" classname="Scenario: Users combined take-home pay is less than 435" time="1.976"/>
  <testcase name="Given NHS Cost Checker Tool is open" classname="Scenario: User does not claim any tax benefits" time="0.001"/>
  <testcase name="When User enters the country as &quot;Scotland&quot;" classname="Scenario: User does not claim any tax benefits" time="0"/>
  <testcase name="And User &quot;lives&quot; in the Highlands and Islands" classname="Scenario: User does not claim any tax benefits" time="0"/>
  <testcase name="And User is an adult" classname="Scenario: User does not claim any tax benefits" time="0"/>
  <testcase name="And User lives &quot;without&quot; a partner" classname="Scenario: User does not claim any tax benefits" time="0"/>
  <testcase name="And User &quot;does not claim&quot; any benefits or tax credits" classname="Scenario: User does not claim any tax benefits" time="0"/>
  <testcase name="And User &quot;is not&quot; pregnant or not given birth in the last year" classname="Scenario: User does not claim any tax benefits" time="0"/>
  <testcase name="And User &quot;does not have&quot; injury or illness caused by serving in the armed forces" classname="Scenario: User does not claim any tax benefits" time="0"/>
  <testcase name="And User &quot;does not live&quot; permanently in a care home" classname="Scenario: User does not claim any tax benefits" time="0"/>
  <testcase name="And User &quot;has&quot; savings of more than sixteen thousand pounds" classname="Scenario: User does not claim any tax benefits" time="0"/>
  <testcase name="Then User gets help with NHS costs" classname="Scenario: User does not claim any tax benefits" time="0"/>
  <testcase name="Scenario: User does not claim any tax benefits" classname="Scenario: User does not claim any tax benefits" time="1.194"/>
  <testcase name="Given NHS Cost Checker Tool is open" classname="Scenario: User is above sixty and lives in care home provided by local council" time="0"/>
  <testcase name="When User enters the country as &quot;England&quot;" classname="Scenario: User is above sixty and lives in care home provided by local council" time="0"/>
  <testcase name="And User GP Practice &quot;is not&quot; in England" classname="Scenario: User is above sixty and lives in care home provided by local council" time="0"/>
  <testcase name="And User is above sixty" classname="Scenario: User is above sixty and lives in care home provided by local council" time="0"/>
  <testcase name="And User lives &quot;without&quot; a partner" classname="Scenario: User is above sixty and lives in care home provided by local council" time="0"/>
  <testcase name="And User &quot;does not claim&quot; any benefits or tax credits" classname="Scenario: User is above sixty and lives in care home provided by local council" time="0"/>
  <testcase name="And User &quot;is not&quot; pregnant or not given birth in the last year" classname="Scenario: User is above sixty and lives in care home provided by local council" time="0"/>
  <testcase name="And User &quot;does not have&quot; injury or illness caused by serving in the armed forces" classname="Scenario: User is above sixty and lives in care home provided by local council" time="0"/>
  <testcase name="And User &quot;lives&quot; permanently in a care home" classname="Scenario: User is above sixty and lives in care home provided by local council" time="0"/>
  <testcase name="And User &quot;gets&quot; help from local council" classname="Scenario: User is above sixty and lives in care home provided by local council" time="0"/>
  <testcase name="Then User can apply for help with NHS costs" classname="Scenario: User is above sixty and lives in care home provided by local council" time="0"/>
  <testcase name="Scenario: User is above sixty and lives in care home provided by local council" classname="Scenario: User is above sixty and lives in care home provided by local council" time="1.835"/>
</testsuite>